<?xml version="1.0" encoding="UTF-8" ?>
<testsuite errors="0" failures="0" hostname="Brians-MacBook-Air-7.local" name="org.gjt.sp.jedit.TextUtilitiesTest" skipped="0" tests="2" time="0.024" timestamp="2021-09-22T22:03:22">
  <properties>
[...]
</properties>
  <testcase classname="org.gjt.sp.jedit.TextUtilitiesTest" name="joinEmpty" time="0.008" />
  <testcase classname="org.gjt.sp.jedit.TextUtilitiesTest" name="join" time="0.0" />
  <system-out><![CDATA[]]></system-out>
  <system-err><![CDATA[]]></system-err>
</testsuite>
